# JRE version: OpenJDK Runtime Environment (11.0.10) (build 11.0.10+0-b96-7249189)
# Java VM: OpenJDK 64-Bit Server VM (11.0.10+0-b96-7249189, mixed mode, tiered, compressed oops, g1 gc, windows-amd64)
Heap:
 garbage-first heap   total 121856K, used 98833K [0x0000000080000000, 0x0000000100000000)
  region size 1024K, 6 young (6144K), 2 survivors (2048K)
 Metaspace       used 102939K, capacity 105612K, committed 105852K, reserved 1140736K
  class space    used 13507K, capacity 14531K, committed 14592K, reserved 1048576K
GC Heap History (20 events):
Event: 159.589 GC heap before
{Heap before GC invocations=63 (full 0):
 garbage-first heap   total 121856K, used 101809K [0x0000000080000000, 0x0000000100000000)
  region size 1024K, 26 young (26624K), 3 survivors (3072K)
 Metaspace       used 89594K, capacity 91739K, committed 91900K, reserved 1128448K
  class space    used 11582K, capacity 12339K, committed 12416K, reserved 1048576K
}
Event: 159.623 GC heap after
{Heap after GC invocations=64 (full 0):
 garbage-first heap   total 121856K, used 80408K [0x0000000080000000, 0x0000000100000000)
  region size 1024K, 4 young (4096K), 4 survivors (4096K)
 Metaspace       used 89594K, capacity 91739K, committed 91900K, reserved 1128448K
  class space    used 11582K, capacity 12339K, committed 12416K, reserved 1048576K
}
Event: 337.254 GC heap before
{Heap before GC invocations=65 (full 0):
 garbage-first heap   total 121856K, used 101912K [0x0000000080000000, 0x0000000100000000)
  region size 1024K, 26 young (26624K), 4 survivors (4096K)
 Metaspace       used 91647K, capacity 93987K, committed 94076K, reserved 1130496K
  class space    used 11910K, capacity 12738K, committed 12800K, reserved 1048576K
}
Event: 337.279 GC heap after
{Heap after GC invocations=66 (full 0):
 garbage-first heap   total 121856K, used 80845K [0x0000000080000000, 0x0000000100000000)
  region size 1024K, 3 young (3072K), 3 survivors (3072K)
 Metaspace       used 91647K, capacity 93987K, committed 94076K, reserved 1130496K
  class space    used 11910K, capacity 12738K, committed 12800K, reserved 1048576K
}
Event: 341.400 GC heap before
{Heap before GC invocations=66 (full 0):
 garbage-first heap   total 121856K, used 102349K [0x0000000080000000, 0x0000000100000000)
  region size 1024K, 25 young (25600K), 3 survivors (3072K)
 Metaspace       used 92948K, capacity 95236K, committed 95484K, reserved 1132544K
  class space    used 12027K, capacity 12856K, committed 12928K, reserved 1048576K
}
Event: 341.437 GC heap after
{Heap after GC invocations=67 (full 0):
 garbage-first heap   total 121856K, used 83768K [0x0000000080000000, 0x0000000100000000)
  region size 1024K, 4 young (4096K), 4 survivors (4096K)
 Metaspace       used 92948K, capacity 95236K, committed 95484K, reserved 1132544K
  class space    used 12027K, capacity 12856K, committed 12928K, reserved 1048576K
}
Event: 346.175 GC heap before
{Heap before GC invocations=68 (full 0):
 garbage-first heap   total 121856K, used 102200K [0x0000000080000000, 0x0000000100000000)
  region size 1024K, 23 young (23552K), 4 survivors (4096K)
 Metaspace       used 93009K, capacity 95371K, committed 95484K, reserved 1132544K
  class space    used 12027K, capacity 12856K, committed 12928K, reserved 1048576K
}
Event: 346.204 GC heap after
{Heap after GC invocations=69 (full 0):
 garbage-first heap   total 121856K, used 85610K [0x0000000080000000, 0x0000000100000000)
  region size 1024K, 2 young (2048K), 2 survivors (2048K)
 Metaspace       used 93009K, capacity 95371K, committed 95484K, reserved 1132544K
  class space    used 12027K, capacity 12856K, committed 12928K, reserved 1048576K
}
Event: 350.228 GC heap before
{Heap before GC invocations=69 (full 0):
 garbage-first heap   total 121856K, used 103018K [0x0000000080000000, 0x0000000100000000)
  region size 1024K, 20 young (20480K), 2 survivors (2048K)
 Metaspace       used 93092K, capacity 95388K, committed 95484K, reserved 1132544K
  class space    used 12032K, capacity 12857K, committed 12928K, reserved 1048576K
}
Event: 350.243 GC heap after
{Heap after GC invocations=70 (full 0):
 garbage-first heap   total 121856K, used 86262K [0x0000000080000000, 0x0000000100000000)
  region size 1024K, 3 young (3072K), 3 survivors (3072K)
 Metaspace       used 93092K, capacity 95388K, committed 95484K, reserved 1132544K
  class space    used 12032K, capacity 12857K, committed 12928K, reserved 1048576K
}
Event: 356.540 GC heap before
{Heap before GC invocations=71 (full 0):
 garbage-first heap   total 121856K, used 101622K [0x0000000080000000, 0x0000000100000000)
  region size 1024K, 20 young (20480K), 3 survivors (3072K)
 Metaspace       used 93362K, capacity 95747K, committed 95868K, reserved 1132544K
  class space    used 12059K, capacity 12954K, committed 13056K, reserved 1048576K
}
Event: 356.570 GC heap after
{Heap after GC invocations=72 (full 0):
 garbage-first heap   total 121856K, used 87040K [0x0000000080000000, 0x0000000100000000)
  region size 1024K, 2 young (2048K), 2 survivors (2048K)
 Metaspace       used 93362K, capacity 95747K, committed 95868K, reserved 1132544K
  class space    used 12059K, capacity 12954K, committed 13056K, reserved 1048576K
}
Event: 365.708 GC heap before
{Heap before GC invocations=73 (full 0):
 garbage-first heap   total 121856K, used 106496K [0x0000000080000000, 0x0000000100000000)
  region size 1024K, 20 young (20480K), 2 survivors (2048K)
 Metaspace       used 95089K, capacity 97463K, committed 97532K, reserved 1134592K
  class space    used 12297K, capacity 13176K, committed 13184K, reserved 1048576K
}
Event: 365.730 GC heap after
{Heap after GC invocations=74 (full 0):
 garbage-first heap   total 121856K, used 91340K [0x0000000080000000, 0x0000000100000000)
  region size 1024K, 3 young (3072K), 3 survivors (3072K)
 Metaspace       used 95089K, capacity 97463K, committed 97532K, reserved 1134592K
  class space    used 12297K, capacity 13176K, committed 13184K, reserved 1048576K
}
Event: 370.980 GC heap before
{Heap before GC invocations=74 (full 0):
 garbage-first heap   total 121856K, used 103628K [0x0000000080000000, 0x0000000100000000)
  region size 1024K, 16 young (16384K), 3 survivors (3072K)
 Metaspace       used 97507K, capacity 99934K, committed 99964K, reserved 1136640K
  class space    used 12651K, capacity 13557K, committed 13568K, reserved 1048576K
}
Event: 371.023 GC heap after
{Heap after GC invocations=75 (full 0):
 garbage-first heap   total 121856K, used 93516K [0x0000000080000000, 0x0000000100000000)
  region size 1024K, 2 young (2048K), 2 survivors (2048K)
 Metaspace       used 97507K, capacity 99934K, committed 99964K, reserved 1136640K
  class space    used 12651K, capacity 13557K, committed 13568K, reserved 1048576K
}
Event: 373.485 GC heap before
{Heap before GC invocations=76 (full 0):
 garbage-first heap   total 121856K, used 104780K [0x0000000080000000, 0x0000000100000000)
  region size 1024K, 13 young (13312K), 2 survivors (2048K)
 Metaspace       used 100380K, capacity 102900K, committed 103164K, reserved 1138688K
  class space    used 13117K, capacity 14083K, committed 14208K, reserved 1048576K
}
Event: 373.518 GC heap after
{Heap after GC invocations=77 (full 0):
 garbage-first heap   total 121856K, used 94901K [0x0000000080000000, 0x0000000100000000)
  region size 1024K, 1 young (1024K), 1 survivors (1024K)
 Metaspace       used 100380K, capacity 102900K, committed 103164K, reserved 1138688K
  class space    used 13117K, capacity 14083K, committed 14208K, reserved 1048576K
}
Event: 374.993 GC heap before
{Heap before GC invocations=77 (full 0):
 garbage-first heap   total 121856K, used 105141K [0x0000000080000000, 0x0000000100000000)
  region size 1024K, 11 young (11264K), 1 survivors (1024K)
 Metaspace       used 102534K, capacity 105203K, committed 105340K, reserved 1140736K
  class space    used 13473K, capacity 14488K, committed 14592K, reserved 1048576K
}
Event: 375.008 GC heap after
{Heap after GC invocations=78 (full 0):
 garbage-first heap   total 121856K, used 95761K [0x0000000080000000, 0x0000000100000000)
  region size 1024K, 2 young (2048K), 2 survivors (2048K)
 Metaspace       used 102534K, capacity 105203K, committed 105340K, reserved 1140736K
  class space    used 13473K, capacity 14488K, committed 14592K, reserved 1048576K
}

